2019-04-17 10:47:19.927 [main] INFO  c.x.s.s.ServiceProducer8001Application -The following profiles are active: dev
2019-04-17 10:47:19.941 [main] INFO  o.s.b.w.s.c.AnnotationConfigServletWebServerApplicationContext -Refreshing org.springframework.boot.web.servlet.context.AnnotationConfigServletWebServerApplicationContext@6b9c69a9: startup date [Wed Apr 17 10:47:19 CST 2019]; parent: org.springframework.context.annotation.AnnotationConfigApplicationContext@77102b91
2019-04-17 10:47:20.767 [main] INFO  o.springframework.cloud.context.scope.GenericScope -BeanFactory id=639bde78-030c-3969-8fc6-4ec1deb1fb9c
2019-04-17 10:47:20.790 [main] INFO  o.s.b.f.a.AutowiredAnnotationBeanPostProcessor -JSR-330 'javax.inject.Inject' annotation found and supported for autowiring
2019-04-17 10:47:20.966 [main] INFO  o.s.c.s.PostProcessorRegistrationDelegate$BeanPostProcessorChecker -Bean 'org.springframework.transaction.annotation.ProxyTransactionManagementConfiguration' of type [org.springframework.transaction.annotation.ProxyTransactionManagementConfiguration$$EnhancerBySpringCGLIB$$eb837591] is not eligible for getting processed by all BeanPostProcessors (for example: not eligible for auto-proxying)
2019-04-17 10:47:21.123 [main] INFO  o.s.c.s.PostProcessorRegistrationDelegate$BeanPostProcessorChecker -Bean 'org.springframework.cloud.autoconfigure.ConfigurationPropertiesRebinderAutoConfiguration' of type [org.springframework.cloud.autoconfigure.ConfigurationPropertiesRebinderAutoConfiguration$$EnhancerBySpringCGLIB$$79d788e] is not eligible for getting processed by all BeanPostProcessors (for example: not eligible for auto-proxying)
2019-04-17 10:47:21.616 [main] INFO  o.s.boot.web.embedded.tomcat.TomcatWebServer -Tomcat initialized with port(s): 8001 (http)
2019-04-17 10:47:21.657 [main] INFO  org.apache.catalina.core.StandardService -Starting service [Tomcat]
2019-04-17 10:47:21.658 [main] INFO  org.apache.catalina.core.StandardEngine -Starting Servlet Engine: Apache Tomcat/8.5.37
2019-04-17 10:47:21.734 [localhost-startStop-1] INFO  org.apache.catalina.core.AprLifecycleListener -An older version [1.2.17] of the APR based Apache Tomcat Native library is installed, while Tomcat recommends a minimum version of [1.2.19]
2019-04-17 10:47:21.734 [localhost-startStop-1] INFO  org.apache.catalina.core.AprLifecycleListener -Loaded APR based Apache Tomcat Native library [1.2.17] using APR version [1.6.3].
2019-04-17 10:47:21.734 [localhost-startStop-1] INFO  org.apache.catalina.core.AprLifecycleListener -APR capabilities: IPv6 [true], sendfile [true], accept filters [false], random [true].
2019-04-17 10:47:21.734 [localhost-startStop-1] INFO  org.apache.catalina.core.AprLifecycleListener -APR/OpenSSL configuration: useAprConnector [false], useOpenSSL [true]
2019-04-17 10:47:22.923 [localhost-startStop-1] INFO  org.apache.catalina.core.AprLifecycleListener -OpenSSL successfully initialized [OpenSSL 1.0.2o  27 Mar 2018]
2019-04-17 10:47:23.422 [localhost-startStop-1] INFO  o.a.c.core.ContainerBase.[Tomcat].[localhost].[/] -Initializing Spring embedded WebApplicationContext
2019-04-17 10:47:23.422 [localhost-startStop-1] INFO  org.springframework.web.context.ContextLoader -Root WebApplicationContext: initialization completed in 3481 ms
2019-04-17 10:47:23.679 [localhost-startStop-1] INFO  o.s.boot.web.servlet.ServletRegistrationBean -Servlet dispatcherServlet mapped to [/]
2019-04-17 10:47:23.681 [localhost-startStop-1] INFO  o.s.boot.web.servlet.ServletRegistrationBean -Servlet statViewServlet mapped to [/druid/*]
2019-04-17 10:47:23.687 [localhost-startStop-1] INFO  o.s.boot.web.servlet.FilterRegistrationBean -Mapping filter: 'characterEncodingFilter' to: [/*]
2019-04-17 10:47:23.688 [localhost-startStop-1] INFO  o.s.boot.web.servlet.FilterRegistrationBean -Mapping filter: 'hiddenHttpMethodFilter' to: [/*]
2019-04-17 10:47:23.689 [localhost-startStop-1] INFO  o.s.boot.web.servlet.FilterRegistrationBean -Mapping filter: 'httpPutFormContentFilter' to: [/*]
2019-04-17 10:47:23.689 [localhost-startStop-1] INFO  o.s.boot.web.servlet.FilterRegistrationBean -Mapping filter: 'requestContextFilter' to: [/*]
2019-04-17 10:47:23.689 [localhost-startStop-1] INFO  o.s.boot.web.servlet.FilterRegistrationBean -Mapping filter: 'webStatFilter' to urls: [/*]
2019-04-17 10:47:24.829 [main] WARN  com.netflix.config.sources.URLConfigurationSource -No URLs will be polled as dynamic configuration sources.
2019-04-17 10:47:24.829 [main] INFO  com.netflix.config.sources.URLConfigurationSource -To enable URLs as dynamic configuration sources, define System property archaius.configurationSource.additionalUrls or make config.properties available on classpath.
2019-04-17 10:47:24.842 [main] WARN  com.netflix.config.sources.URLConfigurationSource -No URLs will be polled as dynamic configuration sources.
2019-04-17 10:47:24.842 [main] INFO  com.netflix.config.sources.URLConfigurationSource -To enable URLs as dynamic configuration sources, define System property archaius.configurationSource.additionalUrls or make config.properties available on classpath.
2019-04-17 10:47:25.068 [main] INFO  o.s.web.servlet.handler.SimpleUrlHandlerMapping -Mapped URL path [/**/favicon.ico] onto handler of type [class org.springframework.web.servlet.resource.ResourceHttpRequestHandler]
2019-04-17 10:47:25.693 [main] INFO  o.s.w.s.m.m.a.RequestMappingHandlerAdapter -Looking for @ControllerAdvice: org.springframework.boot.web.servlet.context.AnnotationConfigServletWebServerApplicationContext@6b9c69a9: startup date [Wed Apr 17 10:47:19 CST 2019]; parent: org.springframework.context.annotation.AnnotationConfigApplicationContext@77102b91
2019-04-17 10:47:25.822 [main] INFO  o.s.w.s.m.m.a.RequestMappingHandlerMapping -Mapped "{[/producer8001/queryUserList]}" onto public java.util.List<com.xuming.springcloud.yuanlaientity.entity.User> com.xuming.springcloud.serviceproducer8001.controller.EurekaClientController.queryServiceInfo()
2019-04-17 10:47:25.825 [main] INFO  o.s.w.s.m.m.a.RequestMappingHandlerMapping -Mapped "{[/daotest/findlist]}" onto public java.util.List<com.xuming.springcloud.yuanlaientity.entity.User> com.xuming.springcloud.yuanlaidao.controller.Daocontroller.TestDao()
2019-04-17 10:47:25.830 [main] INFO  o.s.w.s.m.m.a.RequestMappingHandlerMapping -Mapped "{[/error]}" onto public org.springframework.http.ResponseEntity<java.util.Map<java.lang.String, java.lang.Object>> org.springframework.boot.autoconfigure.web.servlet.error.BasicErrorController.error(javax.servlet.http.HttpServletRequest)
2019-04-17 10:47:25.832 [main] INFO  o.s.w.s.m.m.a.RequestMappingHandlerMapping -Mapped "{[/error],produces=[text/html]}" onto public org.springframework.web.servlet.ModelAndView org.springframework.boot.autoconfigure.web.servlet.error.BasicErrorController.errorHtml(javax.servlet.http.HttpServletRequest,javax.servlet.http.HttpServletResponse)
2019-04-17 10:47:25.907 [main] INFO  o.s.web.servlet.handler.SimpleUrlHandlerMapping -Mapped URL path [/webjars/**] onto handler of type [class org.springframework.web.servlet.resource.ResourceHttpRequestHandler]
2019-04-17 10:47:25.907 [main] INFO  o.s.web.servlet.handler.SimpleUrlHandlerMapping -Mapped URL path [/**] onto handler of type [class org.springframework.web.servlet.resource.ResourceHttpRequestHandler]
2019-04-17 10:47:29.756 [main] INFO  o.s.jmx.export.annotation.AnnotationMBeanExporter -Registering beans for JMX exposure on startup
2019-04-17 10:47:29.757 [main] INFO  o.s.jmx.export.annotation.AnnotationMBeanExporter -Bean with name 'datasource' has been autodetected for JMX exposure
2019-04-17 10:47:29.758 [main] INFO  o.s.jmx.export.annotation.AnnotationMBeanExporter -Bean with name 'statFilter' has been autodetected for JMX exposure
2019-04-17 10:47:29.758 [main] INFO  o.s.jmx.export.annotation.AnnotationMBeanExporter -Bean with name 'log4j2Filter' has been autodetected for JMX exposure
2019-04-17 10:47:29.758 [main] INFO  o.s.jmx.export.annotation.AnnotationMBeanExporter -Bean with name 'wallConfig' has been autodetected for JMX exposure
2019-04-17 10:47:29.758 [main] INFO  o.s.jmx.export.annotation.AnnotationMBeanExporter -Bean with name 'wallFilter' has been autodetected for JMX exposure
2019-04-17 10:47:29.773 [main] INFO  o.s.jmx.export.annotation.AnnotationMBeanExporter -Bean with name 'refreshScope' has been autodetected for JMX exposure
2019-04-17 10:47:29.775 [main] INFO  o.s.jmx.export.annotation.AnnotationMBeanExporter -Bean with name 'configurationPropertiesRebinder' has been autodetected for JMX exposure
2019-04-17 10:47:29.775 [main] INFO  o.s.jmx.export.annotation.AnnotationMBeanExporter -Bean with name 'environmentManager' has been autodetected for JMX exposure
2019-04-17 10:47:29.778 [main] INFO  o.s.jmx.export.annotation.AnnotationMBeanExporter -Located MBean 'log4j2Filter': registering with JMX server as MBean [com.alibaba.druid.filter.logging:name=log4j2Filter,type=Log4j2Filter]
2019-04-17 10:47:29.780 [main] INFO  o.s.jmx.export.annotation.AnnotationMBeanExporter -Located managed bean 'environmentManager': registering with JMX server as MBean [org.springframework.cloud.context.environment:name=environmentManager,type=EnvironmentManager]
2019-04-17 10:47:29.796 [main] INFO  o.s.jmx.export.annotation.AnnotationMBeanExporter -Located MBean 'datasource': registering with JMX server as MBean [com.alibaba.druid.pool:name=datasource,type=DruidDataSource]
2019-04-17 10:47:29.799 [main] INFO  o.s.jmx.export.annotation.AnnotationMBeanExporter -Located managed bean 'refreshScope': registering with JMX server as MBean [org.springframework.cloud.context.scope.refresh:name=refreshScope,type=RefreshScope]
2019-04-17 10:47:29.814 [main] INFO  o.s.jmx.export.annotation.AnnotationMBeanExporter -Located MBean 'wallConfig': registering with JMX server as MBean [com.alibaba.druid.wall:name=wallConfig,type=WallConfig]
2019-04-17 10:47:29.815 [main] INFO  o.s.jmx.export.annotation.AnnotationMBeanExporter -Located managed bean 'configurationPropertiesRebinder': registering with JMX server as MBean [org.springframework.cloud.context.properties:name=configurationPropertiesRebinder,context=6b9c69a9,type=ConfigurationPropertiesRebinder]
2019-04-17 10:47:29.826 [main] INFO  o.s.jmx.export.annotation.AnnotationMBeanExporter -Located MBean 'wallFilter': registering with JMX server as MBean [com.alibaba.druid.wall:name=wallFilter,type=WallFilter]
2019-04-17 10:47:29.827 [main] INFO  o.s.jmx.export.annotation.AnnotationMBeanExporter -Located MBean 'statFilter': registering with JMX server as MBean [com.alibaba.druid.filter.stat:name=statFilter,type=StatFilter]
2019-04-17 10:47:29.834 [main] INFO  o.s.context.support.DefaultLifecycleProcessor -Starting beans in phase 0
2019-04-17 10:47:29.859 [main] INFO  o.s.cloud.netflix.eureka.InstanceInfoFactory -Setting initial instance status as: STARTING
2019-04-17 10:47:29.911 [main] INFO  com.netflix.discovery.DiscoveryClient -Initializing Eureka in region us-east-1
2019-04-17 10:47:30.712 [main] INFO  c.n.discovery.provider.DiscoveryJerseyProvider -Using JSON encoding codec LegacyJacksonJson
2019-04-17 10:47:30.712 [main] INFO  c.n.discovery.provider.DiscoveryJerseyProvider -Using JSON decoding codec LegacyJacksonJson
2019-04-17 10:47:30.844 [main] INFO  c.n.discovery.provider.DiscoveryJerseyProvider -Using XML encoding codec XStreamXml
2019-04-17 10:47:30.845 [main] INFO  c.n.discovery.provider.DiscoveryJerseyProvider -Using XML decoding codec XStreamXml
2019-04-17 10:47:31.103 [main] INFO  c.n.d.shared.resolver.aws.ConfigClusterResolver -Resolving eureka endpoints via configuration
2019-04-17 10:47:31.583 [main] INFO  com.netflix.discovery.DiscoveryClient -Disable delta property : false
2019-04-17 10:47:31.583 [main] INFO  com.netflix.discovery.DiscoveryClient -Single vip registry refresh property : null
2019-04-17 10:47:31.583 [main] INFO  com.netflix.discovery.DiscoveryClient -Force full registry fetch : false
2019-04-17 10:47:31.583 [main] INFO  com.netflix.discovery.DiscoveryClient -Application is null : false
2019-04-17 10:47:31.583 [main] INFO  com.netflix.discovery.DiscoveryClient -Registered Applications size is zero : true
2019-04-17 10:47:31.583 [main] INFO  com.netflix.discovery.DiscoveryClient -Application version is -1: true
2019-04-17 10:47:31.584 [main] INFO  com.netflix.discovery.DiscoveryClient -Getting all instance registry info from the eureka server
2019-04-17 10:47:31.888 [main] INFO  com.netflix.discovery.DiscoveryClient -The response status is 200
2019-04-17 10:47:31.891 [main] INFO  com.netflix.discovery.DiscoveryClient -Starting heartbeat executor: renew interval is: 30
2019-04-17 10:47:31.894 [main] INFO  com.netflix.discovery.InstanceInfoReplicator -InstanceInfoReplicator onDemand update allowed rate per min is 4
2019-04-17 10:47:31.899 [main] INFO  com.netflix.discovery.DiscoveryClient -Discovery Client initialized at timestamp 1555469251897 with initial instances count: 0
2019-04-17 10:47:31.907 [main] INFO  o.s.c.n.e.serviceregistry.EurekaServiceRegistry -Registering application EUREKA-SERVER-8001 with eureka with status UP
2019-04-17 10:47:31.908 [main] INFO  com.netflix.discovery.DiscoveryClient -Saw local status change event StatusChangeEvent [timestamp=1555469251908, current=UP, previous=STARTING]
2019-04-17 10:47:31.910 [DiscoveryClient-InstanceInfoReplicator-0] INFO  com.netflix.discovery.DiscoveryClient -DiscoveryClient_EUREKA-SERVER-8001/DESKTOP-9MU2O1H:eureka-server-8001:8001: registering service...
2019-04-17 10:47:32.144 [DiscoveryClient-InstanceInfoReplicator-0] INFO  com.netflix.discovery.DiscoveryClient -DiscoveryClient_EUREKA-SERVER-8001/DESKTOP-9MU2O1H:eureka-server-8001:8001 - registration status: 204
2019-04-17 10:47:32.164 [main] INFO  o.s.boot.web.embedded.tomcat.TomcatWebServer -Tomcat started on port(s): 8001 (http) with context path ''
2019-04-17 10:47:32.166 [main] INFO  o.s.c.n.e.s.EurekaAutoServiceRegistration -Updating port to 8001
2019-04-17 10:47:32.169 [main] INFO  c.x.s.s.ServiceProducer8001Application -Started ServiceProducer8001Application in 14.678 seconds (JVM running for 16.231)
2019-04-17 10:48:01.893 [DiscoveryClient-CacheRefreshExecutor-0] INFO  com.netflix.discovery.DiscoveryClient -Disable delta property : false
2019-04-17 10:48:01.894 [DiscoveryClient-CacheRefreshExecutor-0] INFO  com.netflix.discovery.DiscoveryClient -Single vip registry refresh property : null
2019-04-17 10:48:01.894 [DiscoveryClient-CacheRefreshExecutor-0] INFO  com.netflix.discovery.DiscoveryClient -Force full registry fetch : false
2019-04-17 10:48:01.894 [DiscoveryClient-CacheRefreshExecutor-0] INFO  com.netflix.discovery.DiscoveryClient -Application is null : false
2019-04-17 10:48:01.894 [DiscoveryClient-CacheRefreshExecutor-0] INFO  com.netflix.discovery.DiscoveryClient -Registered Applications size is zero : true
2019-04-17 10:48:01.894 [DiscoveryClient-CacheRefreshExecutor-0] INFO  com.netflix.discovery.DiscoveryClient -Application version is -1: false
2019-04-17 10:48:01.894 [DiscoveryClient-CacheRefreshExecutor-0] INFO  com.netflix.discovery.DiscoveryClient -Getting all instance registry info from the eureka server
2019-04-17 10:48:01.960 [DiscoveryClient-CacheRefreshExecutor-0] INFO  com.netflix.discovery.DiscoveryClient -The response status is 200
2019-04-17 10:52:31.586 [AsyncResolver-bootstrap-executor-0] INFO  c.n.d.shared.resolver.aws.ConfigClusterResolver -Resolving eureka endpoints via configuration
2019-04-17 10:57:31.588 [AsyncResolver-bootstrap-executor-0] INFO  c.n.d.shared.resolver.aws.ConfigClusterResolver -Resolving eureka endpoints via configuration
2019-04-17 11:02:31.590 [AsyncResolver-bootstrap-executor-0] INFO  c.n.d.shared.resolver.aws.ConfigClusterResolver -Resolving eureka endpoints via configuration
2019-04-17 11:07:31.591 [AsyncResolver-bootstrap-executor-0] INFO  c.n.d.shared.resolver.aws.ConfigClusterResolver -Resolving eureka endpoints via configuration
2019-04-17 11:12:31.592 [AsyncResolver-bootstrap-executor-0] INFO  c.n.d.shared.resolver.aws.ConfigClusterResolver -Resolving eureka endpoints via configuration
2019-04-17 11:17:31.595 [AsyncResolver-bootstrap-executor-0] INFO  c.n.d.shared.resolver.aws.ConfigClusterResolver -Resolving eureka endpoints via configuration
2019-04-17 11:22:31.597 [AsyncResolver-bootstrap-executor-0] INFO  c.n.d.shared.resolver.aws.ConfigClusterResolver -Resolving eureka endpoints via configuration
2019-04-17 11:27:31.600 [AsyncResolver-bootstrap-executor-0] INFO  c.n.d.shared.resolver.aws.ConfigClusterResolver -Resolving eureka endpoints via configuration
2019-04-17 11:32:31.601 [AsyncResolver-bootstrap-executor-0] INFO  c.n.d.shared.resolver.aws.ConfigClusterResolver -Resolving eureka endpoints via configuration
2019-04-17 11:37:31.604 [AsyncResolver-bootstrap-executor-0] INFO  c.n.d.shared.resolver.aws.ConfigClusterResolver -Resolving eureka endpoints via configuration
2019-04-17 11:42:31.607 [AsyncResolver-bootstrap-executor-0] INFO  c.n.d.shared.resolver.aws.ConfigClusterResolver -Resolving eureka endpoints via configuration
